2024-12-12 10:10:41,805 - DEBUG - Registered routes: Map([<Rule '/static/<filename>' (GET, OPTIONS, HEAD) -> static>,
 <Rule '/admin/static/<filename>' (GET, OPTIONS, HEAD) -> admin.static>,
 <Rule '/admin/' (GET, OPTIONS, HEAD) -> admin.index>,
 <Rule '/admin/user/action/' (POST, OPTIONS) -> user.action_view>,
 <Rule '/admin/user/ajax/lookup/' (GET, OPTIONS, HEAD) -> user.ajax_lookup>,
 <Rule '/admin/user/ajax/update/' (POST, OPTIONS) -> user.ajax_update>,
 <Rule '/admin/user/new/' (GET, POST, OPTIONS, HEAD) -> user.create_view>,
 <Rule '/admin/user/delete/' (POST, OPTIONS) -> user.delete_view>,
 <Rule '/admin/user/details/' (GET, OPTIONS, HEAD) -> user.details_view>,
 <Rule '/admin/user/edit/' (GET, POST, OPTIONS, HEAD) -> user.edit_view>,
 <Rule '/admin/user/export/<export_type>/' (GET, OPTIONS, HEAD) -> user.export>,
 <Rule '/admin/user/' (GET, OPTIONS, HEAD) -> user.index_view>,
 <Rule '/' (GET, OPTIONS, HEAD) -> home>,
 <Rule '/login' (GET, POST, OPTIONS, HEAD) -> login>,
 <Rule '/logout' (GET, OPTIONS, HEAD) -> logout>,
 <Rule '/register' (GET, POST, OPTIONS, HEAD) -> register>,
 <Rule '/password' (GET, POST, OPTIONS, HEAD) -> forgot_password>,
 <Rule '/users' (GET, OPTIONS, HEAD) -> users>,
 <Rule '/edit_user/<user_id>' (GET, POST, OPTIONS, HEAD) -> edit_user>])
2024-12-12 10:23:29,581 - DEBUG - Registered routes: Map([<Rule '/static/<filename>' (HEAD, GET, OPTIONS) -> static>,
 <Rule '/admin/static/<filename>' (HEAD, GET, OPTIONS) -> admin.static>,
 <Rule '/admin/' (HEAD, GET, OPTIONS) -> admin.index>,
 <Rule '/admin/user/action/' (POST, OPTIONS) -> user.action_view>,
 <Rule '/admin/user/ajax/lookup/' (HEAD, GET, OPTIONS) -> user.ajax_lookup>,
 <Rule '/admin/user/ajax/update/' (POST, OPTIONS) -> user.ajax_update>,
 <Rule '/admin/user/new/' (POST, HEAD, GET, OPTIONS) -> user.create_view>,
 <Rule '/admin/user/delete/' (POST, OPTIONS) -> user.delete_view>,
 <Rule '/admin/user/details/' (HEAD, GET, OPTIONS) -> user.details_view>,
 <Rule '/admin/user/edit/' (POST, HEAD, GET, OPTIONS) -> user.edit_view>,
 <Rule '/admin/user/export/<export_type>/' (HEAD, GET, OPTIONS) -> user.export>,
 <Rule '/admin/user/' (HEAD, GET, OPTIONS) -> user.index_view>,
 <Rule '/' (HEAD, GET, OPTIONS) -> home>,
 <Rule '/login' (POST, HEAD, GET, OPTIONS) -> login>,
 <Rule '/logout' (HEAD, GET, OPTIONS) -> logout>,
 <Rule '/register' (POST, HEAD, GET, OPTIONS) -> register>,
 <Rule '/password' (POST, HEAD, GET, OPTIONS) -> forgot_password>,
 <Rule '/users' (HEAD, GET, OPTIONS) -> users>,
 <Rule '/edit_user/<user_id>' (POST, HEAD, GET, OPTIONS) -> edit_user>])
2024-12-12 10:50:21,893 - DEBUG - Registered routes: Map([<Rule '/static/<filename>' (GET, HEAD, OPTIONS) -> static>,
 <Rule '/admin/static/<filename>' (GET, HEAD, OPTIONS) -> admin.static>,
 <Rule '/admin/' (GET, HEAD, OPTIONS) -> admin.index>,
 <Rule '/admin/user/action/' (POST, OPTIONS) -> user.action_view>,
 <Rule '/admin/user/ajax/lookup/' (GET, HEAD, OPTIONS) -> user.ajax_lookup>,
 <Rule '/admin/user/ajax/update/' (POST, OPTIONS) -> user.ajax_update>,
 <Rule '/admin/user/new/' (GET, HEAD, POST, OPTIONS) -> user.create_view>,
 <Rule '/admin/user/delete/' (POST, OPTIONS) -> user.delete_view>,
 <Rule '/admin/user/details/' (GET, HEAD, OPTIONS) -> user.details_view>,
 <Rule '/admin/user/edit/' (GET, HEAD, POST, OPTIONS) -> user.edit_view>,
 <Rule '/admin/user/export/<export_type>/' (GET, HEAD, OPTIONS) -> user.export>,
 <Rule '/admin/user/' (GET, HEAD, OPTIONS) -> user.index_view>,
 <Rule '/' (GET, HEAD, OPTIONS) -> home>,
 <Rule '/login' (GET, HEAD, POST, OPTIONS) -> login>,
 <Rule '/logout' (GET, HEAD, OPTIONS) -> logout>,
 <Rule '/register' (GET, HEAD, POST, OPTIONS) -> register>,
 <Rule '/password' (GET, HEAD, POST, OPTIONS) -> forgot_password>,
 <Rule '/users' (GET, HEAD, OPTIONS) -> users>,
 <Rule '/edit_user/<user_id>' (GET, HEAD, POST, OPTIONS) -> edit_user>])
2024-12-12 10:53:57,398 - DEBUG - Registered routes: Map([<Rule '/static/<filename>' (HEAD, GET, OPTIONS) -> static>,
 <Rule '/admin/static/<filename>' (HEAD, GET, OPTIONS) -> admin.static>,
 <Rule '/admin/' (HEAD, GET, OPTIONS) -> admin.index>,
 <Rule '/admin/user/action/' (POST, OPTIONS) -> user.action_view>,
 <Rule '/admin/user/ajax/lookup/' (HEAD, GET, OPTIONS) -> user.ajax_lookup>,
 <Rule '/admin/user/ajax/update/' (POST, OPTIONS) -> user.ajax_update>,
 <Rule '/admin/user/new/' (POST, HEAD, GET, OPTIONS) -> user.create_view>,
 <Rule '/admin/user/delete/' (POST, OPTIONS) -> user.delete_view>,
 <Rule '/admin/user/details/' (HEAD, GET, OPTIONS) -> user.details_view>,
 <Rule '/admin/user/edit/' (POST, HEAD, GET, OPTIONS) -> user.edit_view>,
 <Rule '/admin/user/export/<export_type>/' (HEAD, GET, OPTIONS) -> user.export>,
 <Rule '/admin/user/' (HEAD, GET, OPTIONS) -> user.index_view>,
 <Rule '/' (HEAD, GET, OPTIONS) -> home>,
 <Rule '/login' (POST, HEAD, GET, OPTIONS) -> login>,
 <Rule '/logout' (HEAD, GET, OPTIONS) -> logout>,
 <Rule '/register' (POST, HEAD, GET, OPTIONS) -> register>,
 <Rule '/password' (POST, HEAD, GET, OPTIONS) -> forgot_password>,
 <Rule '/users' (HEAD, GET, OPTIONS) -> users>,
 <Rule '/edit_user/<user_id>' (POST, HEAD, GET, OPTIONS) -> edit_user>])
2024-12-12 10:59:18,051 - DEBUG - Registered routes: Map([<Rule '/static/<filename>' (GET, HEAD, OPTIONS) -> static>,
 <Rule '/admin/static/<filename>' (GET, HEAD, OPTIONS) -> admin.static>,
 <Rule '/admin/' (GET, HEAD, OPTIONS) -> admin.index>,
 <Rule '/admin/user/action/' (POST, OPTIONS) -> user.action_view>,
 <Rule '/admin/user/ajax/lookup/' (GET, HEAD, OPTIONS) -> user.ajax_lookup>,
 <Rule '/admin/user/ajax/update/' (POST, OPTIONS) -> user.ajax_update>,
 <Rule '/admin/user/new/' (POST, GET, HEAD, OPTIONS) -> user.create_view>,
 <Rule '/admin/user/delete/' (POST, OPTIONS) -> user.delete_view>,
 <Rule '/admin/user/details/' (GET, HEAD, OPTIONS) -> user.details_view>,
 <Rule '/admin/user/edit/' (POST, GET, HEAD, OPTIONS) -> user.edit_view>,
 <Rule '/admin/user/export/<export_type>/' (GET, HEAD, OPTIONS) -> user.export>,
 <Rule '/admin/user/' (GET, HEAD, OPTIONS) -> user.index_view>,
 <Rule '/' (GET, HEAD, OPTIONS) -> home>,
 <Rule '/login' (POST, GET, HEAD, OPTIONS) -> login>,
 <Rule '/logout' (GET, HEAD, OPTIONS) -> logout>,
 <Rule '/register' (POST, GET, HEAD, OPTIONS) -> register>,
 <Rule '/password' (POST, GET, HEAD, OPTIONS) -> forgot_password>,
 <Rule '/users' (GET, HEAD, OPTIONS) -> users>,
 <Rule '/edit_user/<user_id>' (POST, GET, HEAD, OPTIONS) -> edit_user>])
2024-12-12 11:00:44,946 - DEBUG - Registered routes: Map([<Rule '/static/<filename>' (GET, OPTIONS, HEAD) -> static>,
 <Rule '/admin/static/<filename>' (GET, OPTIONS, HEAD) -> admin.static>,
 <Rule '/admin/' (GET, OPTIONS, HEAD) -> admin.index>,
 <Rule '/admin/user/action/' (POST, OPTIONS) -> user.action_view>,
 <Rule '/admin/user/ajax/lookup/' (GET, OPTIONS, HEAD) -> user.ajax_lookup>,
 <Rule '/admin/user/ajax/update/' (POST, OPTIONS) -> user.ajax_update>,
 <Rule '/admin/user/new/' (GET, POST, OPTIONS, HEAD) -> user.create_view>,
 <Rule '/admin/user/delete/' (POST, OPTIONS) -> user.delete_view>,
 <Rule '/admin/user/details/' (GET, OPTIONS, HEAD) -> user.details_view>,
 <Rule '/admin/user/edit/' (GET, POST, OPTIONS, HEAD) -> user.edit_view>,
 <Rule '/admin/user/export/<export_type>/' (GET, OPTIONS, HEAD) -> user.export>,
 <Rule '/admin/user/' (GET, OPTIONS, HEAD) -> user.index_view>,
 <Rule '/' (GET, OPTIONS, HEAD) -> home>,
 <Rule '/login' (GET, POST, OPTIONS, HEAD) -> login>,
 <Rule '/logout' (GET, OPTIONS, HEAD) -> logout>,
 <Rule '/register' (GET, POST, OPTIONS, HEAD) -> register>,
 <Rule '/password' (GET, POST, OPTIONS, HEAD) -> forgot_password>,
 <Rule '/users' (GET, OPTIONS, HEAD) -> users>,
 <Rule '/edit_user/<user_id>' (GET, POST, OPTIONS, HEAD) -> edit_user>])
2024-12-12 11:02:33,766 - DEBUG - Registered routes: Map([<Rule '/static/<filename>' (OPTIONS, GET, HEAD) -> static>,
 <Rule '/admin/static/<filename>' (OPTIONS, GET, HEAD) -> admin.static>,
 <Rule '/admin/' (OPTIONS, GET, HEAD) -> admin.index>,
 <Rule '/admin/user/action/' (OPTIONS, POST) -> user.action_view>,
 <Rule '/admin/user/ajax/lookup/' (OPTIONS, GET, HEAD) -> user.ajax_lookup>,
 <Rule '/admin/user/ajax/update/' (OPTIONS, POST) -> user.ajax_update>,
 <Rule '/admin/user/new/' (OPTIONS, GET, HEAD, POST) -> user.create_view>,
 <Rule '/admin/user/delete/' (OPTIONS, POST) -> user.delete_view>,
 <Rule '/admin/user/details/' (OPTIONS, GET, HEAD) -> user.details_view>,
 <Rule '/admin/user/edit/' (OPTIONS, GET, HEAD, POST) -> user.edit_view>,
 <Rule '/admin/user/export/<export_type>/' (OPTIONS, GET, HEAD) -> user.export>,
 <Rule '/admin/user/' (OPTIONS, GET, HEAD) -> user.index_view>,
 <Rule '/' (OPTIONS, GET, HEAD) -> home>,
 <Rule '/login' (OPTIONS, GET, HEAD, POST) -> login>,
 <Rule '/logout' (OPTIONS, GET, HEAD) -> logout>,
 <Rule '/register' (OPTIONS, GET, HEAD, POST) -> register>,
 <Rule '/password' (OPTIONS, GET, HEAD, POST) -> forgot_password>,
 <Rule '/users' (OPTIONS, GET, HEAD) -> users>,
 <Rule '/edit_user/<user_id>' (OPTIONS, GET, HEAD, POST) -> edit_user>])
2024-12-12 11:12:05,062 - DEBUG - Registered routes: Map([<Rule '/static/<filename>' (OPTIONS, GET, HEAD) -> static>,
 <Rule '/admin/static/<filename>' (OPTIONS, GET, HEAD) -> admin.static>,
 <Rule '/admin/' (OPTIONS, GET, HEAD) -> admin.index>,
 <Rule '/admin/user/action/' (OPTIONS, POST) -> user.action_view>,
 <Rule '/admin/user/ajax/lookup/' (OPTIONS, GET, HEAD) -> user.ajax_lookup>,
 <Rule '/admin/user/ajax/update/' (OPTIONS, POST) -> user.ajax_update>,
 <Rule '/admin/user/new/' (OPTIONS, GET, HEAD, POST) -> user.create_view>,
 <Rule '/admin/user/delete/' (OPTIONS, POST) -> user.delete_view>,
 <Rule '/admin/user/details/' (OPTIONS, GET, HEAD) -> user.details_view>,
 <Rule '/admin/user/edit/' (OPTIONS, GET, HEAD, POST) -> user.edit_view>,
 <Rule '/admin/user/export/<export_type>/' (OPTIONS, GET, HEAD) -> user.export>,
 <Rule '/admin/user/' (OPTIONS, GET, HEAD) -> user.index_view>,
 <Rule '/' (OPTIONS, GET, HEAD) -> home>,
 <Rule '/login' (OPTIONS, GET, HEAD, POST) -> login>,
 <Rule '/logout' (OPTIONS, GET, HEAD) -> logout>,
 <Rule '/register' (OPTIONS, GET, HEAD, POST) -> register>,
 <Rule '/password' (OPTIONS, GET, HEAD, POST) -> forgot_password>,
 <Rule '/users' (OPTIONS, GET, HEAD) -> users>,
 <Rule '/edit_user/<user_id>' (OPTIONS, GET, HEAD, POST) -> edit_user>])
2024-12-12 11:25:37,586 - DEBUG - form_class before modification: <class 'flask_admin.contrib.sqla.form.UserForm'>
2024-12-12 11:27:12,342 - DEBUG - Registered routes: Map([<Rule '/static/<filename>' (GET, HEAD, OPTIONS) -> static>,
 <Rule '/admin/static/<filename>' (GET, HEAD, OPTIONS) -> admin.static>,
 <Rule '/admin/' (GET, HEAD, OPTIONS) -> admin.index>,
 <Rule '/admin/user/action/' (OPTIONS, POST) -> user.action_view>,
 <Rule '/admin/user/ajax/lookup/' (GET, HEAD, OPTIONS) -> user.ajax_lookup>,
 <Rule '/admin/user/ajax/update/' (OPTIONS, POST) -> user.ajax_update>,
 <Rule '/admin/user/new/' (GET, POST, HEAD, OPTIONS) -> user.create_view>,
 <Rule '/admin/user/delete/' (OPTIONS, POST) -> user.delete_view>,
 <Rule '/admin/user/details/' (GET, HEAD, OPTIONS) -> user.details_view>,
 <Rule '/admin/user/edit/' (GET, POST, HEAD, OPTIONS) -> user.edit_view>,
 <Rule '/admin/user/export/<export_type>/' (GET, HEAD, OPTIONS) -> user.export>,
 <Rule '/admin/user/' (GET, HEAD, OPTIONS) -> user.index_view>,
 <Rule '/' (GET, HEAD, OPTIONS) -> home>,
 <Rule '/login' (GET, POST, HEAD, OPTIONS) -> login>,
 <Rule '/logout' (GET, HEAD, OPTIONS) -> logout>,
 <Rule '/register' (GET, POST, HEAD, OPTIONS) -> register>,
 <Rule '/password' (GET, POST, HEAD, OPTIONS) -> forgot_password>,
 <Rule '/users' (GET, HEAD, OPTIONS) -> users>,
 <Rule '/edit_user/<user_id>' (GET, POST, HEAD, OPTIONS) -> edit_user>])
2024-12-12 11:30:29,470 - DEBUG - Registered routes: Map([<Rule '/static/<filename>' (HEAD, GET, OPTIONS) -> static>,
 <Rule '/admin/static/<filename>' (HEAD, GET, OPTIONS) -> admin.static>,
 <Rule '/admin/' (HEAD, GET, OPTIONS) -> admin.index>,
 <Rule '/admin/user/action/' (POST, OPTIONS) -> user.action_view>,
 <Rule '/admin/user/ajax/lookup/' (HEAD, GET, OPTIONS) -> user.ajax_lookup>,
 <Rule '/admin/user/ajax/update/' (POST, OPTIONS) -> user.ajax_update>,
 <Rule '/admin/user/new/' (POST, HEAD, GET, OPTIONS) -> user.create_view>,
 <Rule '/admin/user/delete/' (POST, OPTIONS) -> user.delete_view>,
 <Rule '/admin/user/details/' (HEAD, GET, OPTIONS) -> user.details_view>,
 <Rule '/admin/user/edit/' (POST, HEAD, GET, OPTIONS) -> user.edit_view>,
 <Rule '/admin/user/export/<export_type>/' (HEAD, GET, OPTIONS) -> user.export>,
 <Rule '/admin/user/' (HEAD, GET, OPTIONS) -> user.index_view>,
 <Rule '/' (HEAD, GET, OPTIONS) -> home>,
 <Rule '/login' (POST, HEAD, GET, OPTIONS) -> login>,
 <Rule '/logout' (HEAD, GET, OPTIONS) -> logout>,
 <Rule '/register' (POST, HEAD, GET, OPTIONS) -> register>,
 <Rule '/password' (POST, HEAD, GET, OPTIONS) -> forgot_password>,
 <Rule '/users' (HEAD, GET, OPTIONS) -> users>,
 <Rule '/edit_user/<user_id>' (POST, HEAD, GET, OPTIONS) -> edit_user>])
2024-12-12 11:37:53,308 - DEBUG - Registered routes: Map([<Rule '/static/<filename>' (GET, OPTIONS, HEAD) -> static>,
 <Rule '/admin/static/<filename>' (GET, OPTIONS, HEAD) -> admin.static>,
 <Rule '/admin/' (GET, OPTIONS, HEAD) -> admin.index>,
 <Rule '/admin/user/action/' (POST, OPTIONS) -> user.action_view>,
 <Rule '/admin/user/ajax/lookup/' (GET, OPTIONS, HEAD) -> user.ajax_lookup>,
 <Rule '/admin/user/ajax/update/' (POST, OPTIONS) -> user.ajax_update>,
 <Rule '/admin/user/new/' (GET, POST, OPTIONS, HEAD) -> user.create_view>,
 <Rule '/admin/user/delete/' (POST, OPTIONS) -> user.delete_view>,
 <Rule '/admin/user/details/' (GET, OPTIONS, HEAD) -> user.details_view>,
 <Rule '/admin/user/edit/' (GET, POST, OPTIONS, HEAD) -> user.edit_view>,
 <Rule '/admin/user/export/<export_type>/' (GET, OPTIONS, HEAD) -> user.export>,
 <Rule '/admin/user/' (GET, OPTIONS, HEAD) -> user.index_view>,
 <Rule '/' (GET, OPTIONS, HEAD) -> home>,
 <Rule '/login' (GET, POST, OPTIONS, HEAD) -> login>,
 <Rule '/logout' (GET, OPTIONS, HEAD) -> logout>,
 <Rule '/register' (GET, POST, OPTIONS, HEAD) -> register>,
 <Rule '/password' (GET, POST, OPTIONS, HEAD) -> forgot_password>,
 <Rule '/users' (GET, OPTIONS, HEAD) -> users>,
 <Rule '/edit_user/<user_id>' (GET, POST, OPTIONS, HEAD) -> edit_user>])
2024-12-12 11:40:04,261 - DEBUG - Registered routes: Map([<Rule '/static/<filename>' (HEAD, GET, OPTIONS) -> static>,
 <Rule '/admin/static/<filename>' (HEAD, GET, OPTIONS) -> admin.static>,
 <Rule '/admin/' (HEAD, GET, OPTIONS) -> admin.index>,
 <Rule '/admin/user/action/' (POST, OPTIONS) -> user.action_view>,
 <Rule '/admin/user/ajax/lookup/' (HEAD, GET, OPTIONS) -> user.ajax_lookup>,
 <Rule '/admin/user/ajax/update/' (POST, OPTIONS) -> user.ajax_update>,
 <Rule '/admin/user/new/' (POST, HEAD, GET, OPTIONS) -> user.create_view>,
 <Rule '/admin/user/delete/' (POST, OPTIONS) -> user.delete_view>,
 <Rule '/admin/user/details/' (HEAD, GET, OPTIONS) -> user.details_view>,
 <Rule '/admin/user/edit/' (POST, HEAD, GET, OPTIONS) -> user.edit_view>,
 <Rule '/admin/user/export/<export_type>/' (HEAD, GET, OPTIONS) -> user.export>,
 <Rule '/admin/user/' (HEAD, GET, OPTIONS) -> user.index_view>,
 <Rule '/' (HEAD, GET, OPTIONS) -> home>,
 <Rule '/login' (POST, HEAD, GET, OPTIONS) -> login>,
 <Rule '/logout' (HEAD, GET, OPTIONS) -> logout>,
 <Rule '/register' (POST, HEAD, GET, OPTIONS) -> register>,
 <Rule '/password' (POST, HEAD, GET, OPTIONS) -> forgot_password>,
 <Rule '/users' (HEAD, GET, OPTIONS) -> users>,
 <Rule '/edit_user/<user_id>' (POST, HEAD, GET, OPTIONS) -> edit_user>])
2024-12-12 11:41:34,682 - DEBUG - Registered routes: Map([<Rule '/static/<filename>' (OPTIONS, HEAD, GET) -> static>,
 <Rule '/admin/static/<filename>' (OPTIONS, HEAD, GET) -> admin.static>,
 <Rule '/admin/' (OPTIONS, HEAD, GET) -> admin.index>,
 <Rule '/admin/user/action/' (POST, OPTIONS) -> user.action_view>,
 <Rule '/admin/user/ajax/lookup/' (OPTIONS, HEAD, GET) -> user.ajax_lookup>,
 <Rule '/admin/user/ajax/update/' (POST, OPTIONS) -> user.ajax_update>,
 <Rule '/admin/user/new/' (POST, OPTIONS, HEAD, GET) -> user.create_view>,
 <Rule '/admin/user/delete/' (POST, OPTIONS) -> user.delete_view>,
 <Rule '/admin/user/details/' (OPTIONS, HEAD, GET) -> user.details_view>,
 <Rule '/admin/user/edit/' (POST, OPTIONS, HEAD, GET) -> user.edit_view>,
 <Rule '/admin/user/export/<export_type>/' (OPTIONS, HEAD, GET) -> user.export>,
 <Rule '/admin/user/' (OPTIONS, HEAD, GET) -> user.index_view>,
 <Rule '/' (OPTIONS, HEAD, GET) -> home>,
 <Rule '/login' (POST, OPTIONS, HEAD, GET) -> login>,
 <Rule '/logout' (OPTIONS, HEAD, GET) -> logout>,
 <Rule '/register' (POST, OPTIONS, HEAD, GET) -> register>,
 <Rule '/password' (POST, OPTIONS, HEAD, GET) -> forgot_password>,
 <Rule '/users' (OPTIONS, HEAD, GET) -> users>,
 <Rule '/edit_user/<user_id>' (POST, OPTIONS, HEAD, GET) -> edit_user>])
2024-12-12 11:52:00,125 - DEBUG - Registered routes: Map([<Rule '/static/<filename>' (HEAD, GET, OPTIONS) -> static>,
 <Rule '/admin/static/<filename>' (HEAD, GET, OPTIONS) -> admin.static>,
 <Rule '/admin/' (HEAD, GET, OPTIONS) -> admin.index>,
 <Rule '/admin/user/action/' (OPTIONS, POST) -> user.action_view>,
 <Rule '/admin/user/ajax/lookup/' (HEAD, GET, OPTIONS) -> user.ajax_lookup>,
 <Rule '/admin/user/ajax/update/' (OPTIONS, POST) -> user.ajax_update>,
 <Rule '/admin/user/new/' (HEAD, GET, OPTIONS, POST) -> user.create_view>,
 <Rule '/admin/user/delete/' (OPTIONS, POST) -> user.delete_view>,
 <Rule '/admin/user/details/' (HEAD, GET, OPTIONS) -> user.details_view>,
 <Rule '/admin/user/edit/' (HEAD, GET, OPTIONS, POST) -> user.edit_view>,
 <Rule '/admin/user/export/<export_type>/' (HEAD, GET, OPTIONS) -> user.export>,
 <Rule '/admin/user/' (HEAD, GET, OPTIONS) -> user.index_view>,
 <Rule '/' (HEAD, GET, OPTIONS) -> home>,
 <Rule '/login' (HEAD, GET, OPTIONS, POST) -> login>,
 <Rule '/logout' (HEAD, GET, OPTIONS) -> logout>,
 <Rule '/register' (HEAD, GET, OPTIONS, POST) -> register>,
 <Rule '/password' (HEAD, GET, OPTIONS, POST) -> forgot_password>,
 <Rule '/users' (HEAD, GET, OPTIONS) -> users>,
 <Rule '/edit_user/<user_id>' (HEAD, GET, OPTIONS, POST) -> edit_user>])
2024-12-12 12:01:11,182 - DEBUG - Registered routes: Map([<Rule '/static/<filename>' (GET, OPTIONS, HEAD) -> static>,
 <Rule '/admin/static/<filename>' (GET, OPTIONS, HEAD) -> admin.static>,
 <Rule '/admin/' (GET, OPTIONS, HEAD) -> admin.index>,
 <Rule '/admin/user/action/' (OPTIONS, POST) -> user.action_view>,
 <Rule '/admin/user/ajax/lookup/' (GET, OPTIONS, HEAD) -> user.ajax_lookup>,
 <Rule '/admin/user/ajax/update/' (OPTIONS, POST) -> user.ajax_update>,
 <Rule '/admin/user/new/' (GET, OPTIONS, POST, HEAD) -> user.create_view>,
 <Rule '/admin/user/delete/' (OPTIONS, POST) -> user.delete_view>,
 <Rule '/admin/user/details/' (GET, OPTIONS, HEAD) -> user.details_view>,
 <Rule '/admin/user/edit/' (GET, OPTIONS, POST, HEAD) -> user.edit_view>,
 <Rule '/admin/user/export/<export_type>/' (GET, OPTIONS, HEAD) -> user.export>,
 <Rule '/admin/user/' (GET, OPTIONS, HEAD) -> user.index_view>,
 <Rule '/' (GET, OPTIONS, HEAD) -> home>,
 <Rule '/login' (GET, OPTIONS, POST, HEAD) -> login>,
 <Rule '/logout' (GET, OPTIONS, HEAD) -> logout>,
 <Rule '/register' (GET, OPTIONS, POST, HEAD) -> register>,
 <Rule '/password' (GET, OPTIONS, POST, HEAD) -> forgot_password>,
 <Rule '/users' (GET, OPTIONS, HEAD) -> users>,
 <Rule '/edit_user/<user_id>' (GET, OPTIONS, POST, HEAD) -> edit_user>])
2024-12-12 12:05:22,002 - DEBUG - Registered routes: Map([<Rule '/static/<filename>' (HEAD, OPTIONS, GET) -> static>,
 <Rule '/admin/static/<filename>' (HEAD, OPTIONS, GET) -> admin.static>,
 <Rule '/admin/' (HEAD, OPTIONS, GET) -> admin.index>,
 <Rule '/admin/user/action/' (POST, OPTIONS) -> user.action_view>,
 <Rule '/admin/user/ajax/lookup/' (HEAD, OPTIONS, GET) -> user.ajax_lookup>,
 <Rule '/admin/user/ajax/update/' (POST, OPTIONS) -> user.ajax_update>,
 <Rule '/admin/user/new/' (HEAD, POST, GET, OPTIONS) -> user.create_view>,
 <Rule '/admin/user/delete/' (POST, OPTIONS) -> user.delete_view>,
 <Rule '/admin/user/details/' (HEAD, OPTIONS, GET) -> user.details_view>,
 <Rule '/admin/user/edit/' (HEAD, POST, GET, OPTIONS) -> user.edit_view>,
 <Rule '/admin/user/export/<export_type>/' (HEAD, OPTIONS, GET) -> user.export>,
 <Rule '/admin/user/' (HEAD, OPTIONS, GET) -> user.index_view>,
 <Rule '/' (HEAD, OPTIONS, GET) -> home>,
 <Rule '/login' (HEAD, POST, GET, OPTIONS) -> login>,
 <Rule '/logout' (HEAD, OPTIONS, GET) -> logout>,
 <Rule '/register' (HEAD, POST, GET, OPTIONS) -> register>,
 <Rule '/password' (HEAD, POST, GET, OPTIONS) -> forgot_password>,
 <Rule '/users' (HEAD, OPTIONS, GET) -> users>,
 <Rule '/edit_user/<user_id>' (HEAD, POST, GET, OPTIONS) -> edit_user>])
2024-12-12 12:07:27,840 - DEBUG - Registered routes: Map([<Rule '/static/<filename>' (GET, HEAD, OPTIONS) -> static>,
 <Rule '/admin/static/<filename>' (GET, HEAD, OPTIONS) -> admin.static>,
 <Rule '/admin/' (GET, HEAD, OPTIONS) -> admin.index>,
 <Rule '/admin/user/action/' (POST, OPTIONS) -> user.action_view>,
 <Rule '/admin/user/ajax/lookup/' (GET, HEAD, OPTIONS) -> user.ajax_lookup>,
 <Rule '/admin/user/ajax/update/' (POST, OPTIONS) -> user.ajax_update>,
 <Rule '/admin/user/new/' (GET, HEAD, POST, OPTIONS) -> user.create_view>,
 <Rule '/admin/user/delete/' (POST, OPTIONS) -> user.delete_view>,
 <Rule '/admin/user/details/' (GET, HEAD, OPTIONS) -> user.details_view>,
 <Rule '/admin/user/edit/' (GET, HEAD, POST, OPTIONS) -> user.edit_view>,
 <Rule '/admin/user/export/<export_type>/' (GET, HEAD, OPTIONS) -> user.export>,
 <Rule '/admin/user/' (GET, HEAD, OPTIONS) -> user.index_view>,
 <Rule '/' (GET, HEAD, OPTIONS) -> home>,
 <Rule '/login' (GET, HEAD, POST, OPTIONS) -> login>,
 <Rule '/logout' (GET, HEAD, OPTIONS) -> logout>,
 <Rule '/register' (GET, HEAD, POST, OPTIONS) -> register>,
 <Rule '/password' (GET, HEAD, POST, OPTIONS) -> forgot_password>])
2024-12-12 12:08:50,550 - DEBUG - Registered routes: Map([<Rule '/static/<filename>' (OPTIONS, HEAD, GET) -> static>,
 <Rule '/admin/static/<filename>' (OPTIONS, HEAD, GET) -> admin.static>,
 <Rule '/admin/' (OPTIONS, HEAD, GET) -> admin.index>,
 <Rule '/admin/user/action/' (POST, OPTIONS) -> user.action_view>,
 <Rule '/admin/user/ajax/lookup/' (OPTIONS, HEAD, GET) -> user.ajax_lookup>,
 <Rule '/admin/user/ajax/update/' (POST, OPTIONS) -> user.ajax_update>,
 <Rule '/admin/user/new/' (POST, OPTIONS, HEAD, GET) -> user.create_view>,
 <Rule '/admin/user/delete/' (POST, OPTIONS) -> user.delete_view>,
 <Rule '/admin/user/details/' (OPTIONS, HEAD, GET) -> user.details_view>,
 <Rule '/admin/user/edit/' (POST, OPTIONS, HEAD, GET) -> user.edit_view>,
 <Rule '/admin/user/export/<export_type>/' (OPTIONS, HEAD, GET) -> user.export>,
 <Rule '/admin/user/' (OPTIONS, HEAD, GET) -> user.index_view>,
 <Rule '/' (OPTIONS, HEAD, GET) -> home>,
 <Rule '/login' (POST, OPTIONS, HEAD, GET) -> login>,
 <Rule '/logout' (OPTIONS, HEAD, GET) -> logout>,
 <Rule '/register' (POST, OPTIONS, HEAD, GET) -> register>,
 <Rule '/password' (POST, OPTIONS, HEAD, GET) -> forgot_password>])
2024-12-12 12:13:14,714 - DEBUG - Registered routes: Map([<Rule '/static/<filename>' (GET, HEAD, OPTIONS) -> static>,
 <Rule '/admin/static/<filename>' (GET, HEAD, OPTIONS) -> admin.static>,
 <Rule '/admin/' (GET, HEAD, OPTIONS) -> admin.index>,
 <Rule '/admin/user/action/' (POST, OPTIONS) -> user.action_view>,
 <Rule '/admin/user/ajax/lookup/' (GET, HEAD, OPTIONS) -> user.ajax_lookup>,
 <Rule '/admin/user/ajax/update/' (POST, OPTIONS) -> user.ajax_update>,
 <Rule '/admin/user/new/' (POST, GET, HEAD, OPTIONS) -> user.create_view>,
 <Rule '/admin/user/delete/' (POST, OPTIONS) -> user.delete_view>,
 <Rule '/admin/user/details/' (GET, HEAD, OPTIONS) -> user.details_view>,
 <Rule '/admin/user/edit/' (POST, GET, HEAD, OPTIONS) -> user.edit_view>,
 <Rule '/admin/user/export/<export_type>/' (GET, HEAD, OPTIONS) -> user.export>,
 <Rule '/admin/user/' (GET, HEAD, OPTIONS) -> user.index_view>,
 <Rule '/' (GET, HEAD, OPTIONS) -> home>,
 <Rule '/login' (POST, GET, HEAD, OPTIONS) -> login>,
 <Rule '/logout' (GET, HEAD, OPTIONS) -> logout>,
 <Rule '/register' (POST, GET, HEAD, OPTIONS) -> register>,
 <Rule '/password' (POST, GET, HEAD, OPTIONS) -> forgot_password>])
2024-12-12 12:15:30,354 - DEBUG - Registered routes: Map([<Rule '/static/<filename>' (GET, HEAD, OPTIONS) -> static>,
 <Rule '/admin/static/<filename>' (GET, HEAD, OPTIONS) -> admin.static>,
 <Rule '/admin/' (GET, HEAD, OPTIONS) -> admin.index>,
 <Rule '/admin/user/action/' (POST, OPTIONS) -> user.action_view>,
 <Rule '/admin/user/ajax/lookup/' (GET, HEAD, OPTIONS) -> user.ajax_lookup>,
 <Rule '/admin/user/ajax/update/' (POST, OPTIONS) -> user.ajax_update>,
 <Rule '/admin/user/new/' (POST, GET, HEAD, OPTIONS) -> user.create_view>,
 <Rule '/admin/user/delete/' (POST, OPTIONS) -> user.delete_view>,
 <Rule '/admin/user/details/' (GET, HEAD, OPTIONS) -> user.details_view>,
 <Rule '/admin/user/edit/' (POST, GET, HEAD, OPTIONS) -> user.edit_view>,
 <Rule '/admin/user/export/<export_type>/' (GET, HEAD, OPTIONS) -> user.export>,
 <Rule '/admin/user/' (GET, HEAD, OPTIONS) -> user.index_view>,
 <Rule '/' (GET, HEAD, OPTIONS) -> home>,
 <Rule '/login' (POST, GET, HEAD, OPTIONS) -> login>,
 <Rule '/logout' (GET, HEAD, OPTIONS) -> logout>,
 <Rule '/register' (POST, GET, HEAD, OPTIONS) -> register>,
 <Rule '/password' (POST, GET, HEAD, OPTIONS) -> forgot_password>,
 <Rule '/users' (GET, HEAD, OPTIONS) -> users>])
2024-12-13 09:01:48,164 - DEBUG - Registered routes: Map([<Rule '/static/<filename>' (HEAD, GET, OPTIONS) -> static>,
 <Rule '/admin/static/<filename>' (HEAD, GET, OPTIONS) -> admin.static>,
 <Rule '/admin/' (HEAD, GET, OPTIONS) -> admin.index>,
 <Rule '/admin/user/action/' (POST, OPTIONS) -> user.action_view>,
 <Rule '/admin/user/ajax/lookup/' (HEAD, GET, OPTIONS) -> user.ajax_lookup>,
 <Rule '/admin/user/ajax/update/' (POST, OPTIONS) -> user.ajax_update>,
 <Rule '/admin/user/new/' (HEAD, GET, POST, OPTIONS) -> user.create_view>,
 <Rule '/admin/user/delete/' (POST, OPTIONS) -> user.delete_view>,
 <Rule '/admin/user/details/' (HEAD, GET, OPTIONS) -> user.details_view>,
 <Rule '/admin/user/edit/' (HEAD, GET, POST, OPTIONS) -> user.edit_view>,
 <Rule '/admin/user/export/<export_type>/' (HEAD, GET, OPTIONS) -> user.export>,
 <Rule '/admin/user/' (HEAD, GET, OPTIONS) -> user.index_view>,
 <Rule '/' (HEAD, GET, OPTIONS) -> home>,
 <Rule '/login' (HEAD, GET, POST, OPTIONS) -> login>,
 <Rule '/logout' (HEAD, GET, OPTIONS) -> logout>,
 <Rule '/register' (HEAD, GET, POST, OPTIONS) -> register>,
 <Rule '/password' (HEAD, GET, POST, OPTIONS) -> forgot_password>,
 <Rule '/users' (HEAD, GET, OPTIONS) -> users>])
2024-12-13 09:01:52,300 - DEBUG - Home route accessed. Greeting: Please log in.
2024-12-13 09:02:34,595 - DEBUG - Registered routes: Map([<Rule '/static/<filename>' (GET, OPTIONS, HEAD) -> static>,
 <Rule '/admin/static/<filename>' (GET, OPTIONS, HEAD) -> admin.static>,
 <Rule '/admin/' (GET, OPTIONS, HEAD) -> admin.index>,
 <Rule '/admin/user/action/' (OPTIONS, POST) -> user.action_view>,
 <Rule '/admin/user/ajax/lookup/' (GET, OPTIONS, HEAD) -> user.ajax_lookup>,
 <Rule '/admin/user/ajax/update/' (OPTIONS, POST) -> user.ajax_update>,
 <Rule '/admin/user/new/' (GET, OPTIONS, HEAD, POST) -> user.create_view>,
 <Rule '/admin/user/delete/' (OPTIONS, POST) -> user.delete_view>,
 <Rule '/admin/user/details/' (GET, OPTIONS, HEAD) -> user.details_view>,
 <Rule '/admin/user/edit/' (GET, OPTIONS, HEAD, POST) -> user.edit_view>,
 <Rule '/admin/user/export/<export_type>/' (GET, OPTIONS, HEAD) -> user.export>,
 <Rule '/admin/user/' (GET, OPTIONS, HEAD) -> user.index_view>,
 <Rule '/' (GET, OPTIONS, HEAD) -> home>,
 <Rule '/login' (GET, OPTIONS, HEAD, POST) -> login>,
 <Rule '/logout' (GET, OPTIONS, HEAD) -> logout>,
 <Rule '/register' (GET, OPTIONS, HEAD, POST) -> register>,
 <Rule '/password' (GET, OPTIONS, HEAD, POST) -> forgot_password>,
 <Rule '/users' (GET, OPTIONS, HEAD) -> users>])
2024-12-13 09:04:32,040 - DEBUG - Registered routes: Map([<Rule '/static/<filename>' (GET, HEAD, OPTIONS) -> static>,
 <Rule '/admin/static/<filename>' (GET, HEAD, OPTIONS) -> admin.static>,
 <Rule '/admin/' (GET, HEAD, OPTIONS) -> admin.index>,
 <Rule '/admin/user/action/' (OPTIONS, POST) -> user.action_view>,
 <Rule '/admin/user/ajax/lookup/' (GET, HEAD, OPTIONS) -> user.ajax_lookup>,
 <Rule '/admin/user/ajax/update/' (OPTIONS, POST) -> user.ajax_update>,
 <Rule '/admin/user/new/' (GET, HEAD, OPTIONS, POST) -> user.create_view>,
 <Rule '/admin/user/delete/' (OPTIONS, POST) -> user.delete_view>,
 <Rule '/admin/user/details/' (GET, HEAD, OPTIONS) -> user.details_view>,
 <Rule '/admin/user/edit/' (GET, HEAD, OPTIONS, POST) -> user.edit_view>,
 <Rule '/admin/user/export/<export_type>/' (GET, HEAD, OPTIONS) -> user.export>,
 <Rule '/admin/user/' (GET, HEAD, OPTIONS) -> user.index_view>,
 <Rule '/' (GET, HEAD, OPTIONS) -> home>,
 <Rule '/login' (GET, HEAD, OPTIONS, POST) -> login>,
 <Rule '/logout' (GET, HEAD, OPTIONS) -> logout>,
 <Rule '/register' (GET, HEAD, OPTIONS, POST) -> register>,
 <Rule '/password' (GET, HEAD, OPTIONS, POST) -> forgot_password>,
 <Rule '/users' (GET, HEAD, OPTIONS) -> users>])
2024-12-13 09:04:32,870 - DEBUG - Home route accessed. Greeting: Please log in.
2024-12-13 09:05:16,857 - DEBUG - Entered login route
2024-12-13 09:05:23,812 - DEBUG - Entered login route
2024-12-13 09:05:23,813 - DEBUG - Login form submitted. Username: SUPER AGENT, Password: 1111111122222222
2024-12-13 09:05:23,964 - DEBUG - User found: SUPER AGENT
2024-12-13 09:05:24,074 - DEBUG - Home route accessed. Greeting: Welcome back, SUPER AGENT!
2024-12-16 09:06:19,614 - DEBUG - Registered routes: Map([<Rule '/static/<filename>' (GET, OPTIONS, HEAD) -> static>,
 <Rule '/admin/static/<filename>' (GET, OPTIONS, HEAD) -> admin.static>,
 <Rule '/admin/' (GET, OPTIONS, HEAD) -> admin.index>,
 <Rule '/admin/user/action/' (OPTIONS, POST) -> user.action_view>,
 <Rule '/admin/user/ajax/lookup/' (GET, OPTIONS, HEAD) -> user.ajax_lookup>,
 <Rule '/admin/user/ajax/update/' (OPTIONS, POST) -> user.ajax_update>,
 <Rule '/admin/user/new/' (GET, OPTIONS, POST, HEAD) -> user.create_view>,
 <Rule '/admin/user/delete/' (OPTIONS, POST) -> user.delete_view>,
 <Rule '/admin/user/details/' (GET, OPTIONS, HEAD) -> user.details_view>,
 <Rule '/admin/user/edit/' (GET, OPTIONS, POST, HEAD) -> user.edit_view>,
 <Rule '/admin/user/export/<export_type>/' (GET, OPTIONS, HEAD) -> user.export>,
 <Rule '/admin/user/' (GET, OPTIONS, HEAD) -> user.index_view>,
 <Rule '/' (GET, OPTIONS, HEAD) -> home>,
 <Rule '/login' (GET, OPTIONS, POST, HEAD) -> login>,
 <Rule '/logout' (GET, OPTIONS, HEAD) -> logout>,
 <Rule '/register' (GET, OPTIONS, POST, HEAD) -> register>,
 <Rule '/password' (GET, OPTIONS, POST, HEAD) -> forgot_password>,
 <Rule '/users' (GET, OPTIONS, HEAD) -> users>])
2024-12-16 09:06:21,005 - DEBUG - Home route accessed. Greeting: Please log in.
2024-12-16 09:06:23,489 - DEBUG - Fetching user data...
2024-12-16 09:06:23,563 - DEBUG - Fetched 4 users.
2024-12-16 09:06:26,543 - DEBUG - Entered login route
2024-12-16 09:06:28,109 - DEBUG - Fetching user data...
2024-12-16 09:06:28,111 - DEBUG - Fetched 4 users.
2024-12-16 09:06:54,494 - DEBUG - Registered routes: Map([<Rule '/static/<filename>' (GET, HEAD, OPTIONS) -> static>,
 <Rule '/admin/static/<filename>' (GET, HEAD, OPTIONS) -> admin.static>,
 <Rule '/admin/' (GET, HEAD, OPTIONS) -> admin.index>,
 <Rule '/admin/user/action/' (POST, OPTIONS) -> user.action_view>,
 <Rule '/admin/user/ajax/lookup/' (GET, HEAD, OPTIONS) -> user.ajax_lookup>,
 <Rule '/admin/user/ajax/update/' (POST, OPTIONS) -> user.ajax_update>,
 <Rule '/admin/user/new/' (GET, POST, HEAD, OPTIONS) -> user.create_view>,
 <Rule '/admin/user/delete/' (POST, OPTIONS) -> user.delete_view>,
 <Rule '/admin/user/details/' (GET, HEAD, OPTIONS) -> user.details_view>,
 <Rule '/admin/user/edit/' (GET, POST, HEAD, OPTIONS) -> user.edit_view>,
 <Rule '/admin/user/export/<export_type>/' (GET, HEAD, OPTIONS) -> user.export>,
 <Rule '/admin/user/' (GET, HEAD, OPTIONS) -> user.index_view>,
 <Rule '/' (GET, HEAD, OPTIONS) -> home>,
 <Rule '/login' (GET, POST, HEAD, OPTIONS) -> login>,
 <Rule '/logout' (GET, HEAD, OPTIONS) -> logout>,
 <Rule '/register' (GET, POST, HEAD, OPTIONS) -> register>,
 <Rule '/password' (GET, POST, HEAD, OPTIONS) -> forgot_password>,
 <Rule '/users' (GET, HEAD, OPTIONS) -> users>])
2024-12-16 09:06:57,285 - DEBUG - Fetching user data...
2024-12-16 09:06:57,291 - DEBUG - Fetched 4 users.
2024-12-16 09:08:47,829 - DEBUG - Registered routes: Map([<Rule '/static/<filename>' (OPTIONS, HEAD, GET) -> static>,
 <Rule '/admin/static/<filename>' (OPTIONS, HEAD, GET) -> admin.static>,
 <Rule '/admin/' (OPTIONS, HEAD, GET) -> admin.index>,
 <Rule '/admin/user/action/' (OPTIONS, POST) -> user.action_view>,
 <Rule '/admin/user/ajax/lookup/' (OPTIONS, HEAD, GET) -> user.ajax_lookup>,
 <Rule '/admin/user/ajax/update/' (OPTIONS, POST) -> user.ajax_update>,
 <Rule '/admin/user/new/' (HEAD, OPTIONS, POST, GET) -> user.create_view>,
 <Rule '/admin/user/delete/' (OPTIONS, POST) -> user.delete_view>,
 <Rule '/admin/user/details/' (OPTIONS, HEAD, GET) -> user.details_view>,
 <Rule '/admin/user/edit/' (HEAD, OPTIONS, POST, GET) -> user.edit_view>,
 <Rule '/admin/user/export/<export_type>/' (OPTIONS, HEAD, GET) -> user.export>,
 <Rule '/admin/user/' (OPTIONS, HEAD, GET) -> user.index_view>,
 <Rule '/' (OPTIONS, HEAD, GET) -> home>,
 <Rule '/login' (HEAD, OPTIONS, POST, GET) -> login>,
 <Rule '/logout' (OPTIONS, HEAD, GET) -> logout>,
 <Rule '/register' (HEAD, OPTIONS, POST, GET) -> register>,
 <Rule '/password' (HEAD, OPTIONS, POST, GET) -> forgot_password>,
 <Rule '/users' (OPTIONS, HEAD, GET) -> users>])
2024-12-16 09:08:54,984 - DEBUG - Fetching user data...
2024-12-16 09:08:54,992 - DEBUG - Fetched 4 users.
2024-12-16 09:09:17,691 - DEBUG - Registered routes: Map([<Rule '/static/<filename>' (GET, HEAD, OPTIONS) -> static>,
 <Rule '/admin/static/<filename>' (GET, HEAD, OPTIONS) -> admin.static>,
 <Rule '/admin/' (GET, HEAD, OPTIONS) -> admin.index>,
 <Rule '/admin/user/action/' (POST, OPTIONS) -> user.action_view>,
 <Rule '/admin/user/ajax/lookup/' (GET, HEAD, OPTIONS) -> user.ajax_lookup>,
 <Rule '/admin/user/ajax/update/' (POST, OPTIONS) -> user.ajax_update>,
 <Rule '/admin/user/new/' (POST, GET, HEAD, OPTIONS) -> user.create_view>,
 <Rule '/admin/user/delete/' (POST, OPTIONS) -> user.delete_view>,
 <Rule '/admin/user/details/' (GET, HEAD, OPTIONS) -> user.details_view>,
 <Rule '/admin/user/edit/' (POST, GET, HEAD, OPTIONS) -> user.edit_view>,
 <Rule '/admin/user/export/<export_type>/' (GET, HEAD, OPTIONS) -> user.export>,
 <Rule '/admin/user/' (GET, HEAD, OPTIONS) -> user.index_view>,
 <Rule '/' (GET, HEAD, OPTIONS) -> home>,
 <Rule '/login' (POST, GET, HEAD, OPTIONS) -> login>,
 <Rule '/logout' (GET, HEAD, OPTIONS) -> logout>,
 <Rule '/register' (POST, GET, HEAD, OPTIONS) -> register>,
 <Rule '/password' (POST, GET, HEAD, OPTIONS) -> forgot_password>,
 <Rule '/users' (GET, HEAD, OPTIONS) -> users>])
2024-12-16 09:09:20,495 - DEBUG - Fetching user data...
2024-12-16 09:09:20,498 - DEBUG - Fetched 4 users.
2024-12-16 09:09:38,361 - DEBUG - Registered routes: Map([<Rule '/static/<filename>' (HEAD, OPTIONS, GET) -> static>,
 <Rule '/admin/static/<filename>' (HEAD, OPTIONS, GET) -> admin.static>,
 <Rule '/admin/' (HEAD, OPTIONS, GET) -> admin.index>,
 <Rule '/admin/user/action/' (POST, OPTIONS) -> user.action_view>,
 <Rule '/admin/user/ajax/lookup/' (HEAD, OPTIONS, GET) -> user.ajax_lookup>,
 <Rule '/admin/user/ajax/update/' (POST, OPTIONS) -> user.ajax_update>,
 <Rule '/admin/user/new/' (POST, HEAD, OPTIONS, GET) -> user.create_view>,
 <Rule '/admin/user/delete/' (POST, OPTIONS) -> user.delete_view>,
 <Rule '/admin/user/details/' (HEAD, OPTIONS, GET) -> user.details_view>,
 <Rule '/admin/user/edit/' (POST, HEAD, OPTIONS, GET) -> user.edit_view>,
 <Rule '/admin/user/export/<export_type>/' (HEAD, OPTIONS, GET) -> user.export>,
 <Rule '/admin/user/' (HEAD, OPTIONS, GET) -> user.index_view>,
 <Rule '/' (HEAD, OPTIONS, GET) -> home>,
 <Rule '/login' (POST, HEAD, OPTIONS, GET) -> login>,
 <Rule '/logout' (HEAD, OPTIONS, GET) -> logout>,
 <Rule '/register' (POST, HEAD, OPTIONS, GET) -> register>,
 <Rule '/password' (POST, HEAD, OPTIONS, GET) -> forgot_password>,
 <Rule '/users' (HEAD, OPTIONS, GET) -> users>])
2024-12-16 09:09:55,533 - DEBUG - Fetching user data...
2024-12-16 09:09:55,543 - DEBUG - Fetched 4 users.
2024-12-16 09:09:57,218 - DEBUG - Entered login route
2024-12-16 09:09:58,701 - DEBUG - Home route accessed. Greeting: Please log in.
2024-12-16 09:10:44,541 - DEBUG - Registered routes: Map([<Rule '/static/<filename>' (GET, OPTIONS, HEAD) -> static>,
 <Rule '/admin/static/<filename>' (GET, OPTIONS, HEAD) -> admin.static>,
 <Rule '/admin/' (GET, OPTIONS, HEAD) -> admin.index>,
 <Rule '/admin/user/action/' (POST, OPTIONS) -> user.action_view>,
 <Rule '/admin/user/ajax/lookup/' (GET, OPTIONS, HEAD) -> user.ajax_lookup>,
 <Rule '/admin/user/ajax/update/' (POST, OPTIONS) -> user.ajax_update>,
 <Rule '/admin/user/new/' (POST, GET, OPTIONS, HEAD) -> user.create_view>,
 <Rule '/admin/user/delete/' (POST, OPTIONS) -> user.delete_view>,
 <Rule '/admin/user/details/' (GET, OPTIONS, HEAD) -> user.details_view>,
 <Rule '/admin/user/edit/' (POST, GET, OPTIONS, HEAD) -> user.edit_view>,
 <Rule '/admin/user/export/<export_type>/' (GET, OPTIONS, HEAD) -> user.export>,
 <Rule '/admin/user/' (GET, OPTIONS, HEAD) -> user.index_view>,
 <Rule '/' (GET, OPTIONS, HEAD) -> home>,
 <Rule '/login' (POST, GET, OPTIONS, HEAD) -> login>,
 <Rule '/logout' (GET, OPTIONS, HEAD) -> logout>,
 <Rule '/register' (POST, GET, OPTIONS, HEAD) -> register>,
 <Rule '/password' (POST, GET, OPTIONS, HEAD) -> forgot_password>,
 <Rule '/users' (GET, OPTIONS, HEAD) -> users>])
2024-12-16 09:11:24,005 - DEBUG - Registered routes: Map([<Rule '/static/<filename>' (GET, HEAD, OPTIONS) -> static>,
 <Rule '/admin/static/<filename>' (GET, HEAD, OPTIONS) -> admin.static>,
 <Rule '/admin/' (GET, HEAD, OPTIONS) -> admin.index>,
 <Rule '/admin/user/action/' (POST, OPTIONS) -> user.action_view>,
 <Rule '/admin/user/ajax/lookup/' (GET, HEAD, OPTIONS) -> user.ajax_lookup>,
 <Rule '/admin/user/ajax/update/' (POST, OPTIONS) -> user.ajax_update>,
 <Rule '/admin/user/new/' (POST, GET, HEAD, OPTIONS) -> user.create_view>,
 <Rule '/admin/user/delete/' (POST, OPTIONS) -> user.delete_view>,
 <Rule '/admin/user/details/' (GET, HEAD, OPTIONS) -> user.details_view>,
 <Rule '/admin/user/edit/' (POST, GET, HEAD, OPTIONS) -> user.edit_view>,
 <Rule '/admin/user/export/<export_type>/' (GET, HEAD, OPTIONS) -> user.export>,
 <Rule '/admin/user/' (GET, HEAD, OPTIONS) -> user.index_view>,
 <Rule '/' (GET, HEAD, OPTIONS) -> home>,
 <Rule '/login' (POST, GET, HEAD, OPTIONS) -> login>,
 <Rule '/logout' (GET, HEAD, OPTIONS) -> logout>,
 <Rule '/register' (POST, GET, HEAD, OPTIONS) -> register>,
 <Rule '/password' (POST, GET, HEAD, OPTIONS) -> forgot_password>,
 <Rule '/users' (GET, HEAD, OPTIONS) -> users>])
2024-12-16 09:11:36,377 - DEBUG - Registered routes: Map([<Rule '/static/<filename>' (GET, HEAD, OPTIONS) -> static>,
 <Rule '/admin/static/<filename>' (GET, HEAD, OPTIONS) -> admin.static>,
 <Rule '/admin/' (GET, HEAD, OPTIONS) -> admin.index>,
 <Rule '/admin/user/action/' (OPTIONS, POST) -> user.action_view>,
 <Rule '/admin/user/ajax/lookup/' (GET, HEAD, OPTIONS) -> user.ajax_lookup>,
 <Rule '/admin/user/ajax/update/' (OPTIONS, POST) -> user.ajax_update>,
 <Rule '/admin/user/new/' (GET, HEAD, OPTIONS, POST) -> user.create_view>,
 <Rule '/admin/user/delete/' (OPTIONS, POST) -> user.delete_view>,
 <Rule '/admin/user/details/' (GET, HEAD, OPTIONS) -> user.details_view>,
 <Rule '/admin/user/edit/' (GET, HEAD, OPTIONS, POST) -> user.edit_view>,
 <Rule '/admin/user/export/<export_type>/' (GET, HEAD, OPTIONS) -> user.export>,
 <Rule '/admin/user/' (GET, HEAD, OPTIONS) -> user.index_view>,
 <Rule '/' (GET, HEAD, OPTIONS) -> home>,
 <Rule '/login' (GET, HEAD, OPTIONS, POST) -> login>,
 <Rule '/logout' (GET, HEAD, OPTIONS) -> logout>,
 <Rule '/register' (GET, HEAD, OPTIONS, POST) -> register>,
 <Rule '/password' (GET, HEAD, OPTIONS, POST) -> forgot_password>,
 <Rule '/users' (GET, HEAD, OPTIONS) -> users>])
2024-12-16 09:11:40,172 - DEBUG - Home route accessed. Greeting: Please log in.
2024-12-16 09:11:41,283 - DEBUG - Entered login route
2024-12-16 09:11:42,319 - DEBUG - Fetching user data...
2024-12-16 09:11:42,324 - DEBUG - Fetched 4 users.
2024-12-16 09:11:59,507 - DEBUG - Registered routes: Map([<Rule '/static/<filename>' (GET, OPTIONS, HEAD) -> static>,
 <Rule '/admin/static/<filename>' (GET, OPTIONS, HEAD) -> admin.static>,
 <Rule '/admin/' (GET, OPTIONS, HEAD) -> admin.index>,
 <Rule '/admin/user/action/' (OPTIONS, POST) -> user.action_view>,
 <Rule '/admin/user/ajax/lookup/' (GET, OPTIONS, HEAD) -> user.ajax_lookup>,
 <Rule '/admin/user/ajax/update/' (OPTIONS, POST) -> user.ajax_update>,
 <Rule '/admin/user/new/' (GET, OPTIONS, HEAD, POST) -> user.create_view>,
 <Rule '/admin/user/delete/' (OPTIONS, POST) -> user.delete_view>,
 <Rule '/admin/user/details/' (GET, OPTIONS, HEAD) -> user.details_view>,
 <Rule '/admin/user/edit/' (GET, OPTIONS, HEAD, POST) -> user.edit_view>,
 <Rule '/admin/user/export/<export_type>/' (GET, OPTIONS, HEAD) -> user.export>,
 <Rule '/admin/user/' (GET, OPTIONS, HEAD) -> user.index_view>,
 <Rule '/' (GET, OPTIONS, HEAD) -> home>,
 <Rule '/login' (GET, OPTIONS, HEAD, POST) -> login>,
 <Rule '/logout' (GET, OPTIONS, HEAD) -> logout>,
 <Rule '/register' (GET, OPTIONS, HEAD, POST) -> register>,
 <Rule '/password' (GET, OPTIONS, HEAD, POST) -> forgot_password>,
 <Rule '/users' (GET, OPTIONS, HEAD) -> users>])
2024-12-16 09:12:00,832 - DEBUG - Home route accessed. Greeting: Please log in.
2024-12-16 09:12:18,184 - DEBUG - Registered routes: Map([<Rule '/static/<filename>' (GET, HEAD, OPTIONS) -> static>,
 <Rule '/admin/static/<filename>' (GET, HEAD, OPTIONS) -> admin.static>,
 <Rule '/admin/' (GET, HEAD, OPTIONS) -> admin.index>,
 <Rule '/admin/user/action/' (POST, OPTIONS) -> user.action_view>,
 <Rule '/admin/user/ajax/lookup/' (GET, HEAD, OPTIONS) -> user.ajax_lookup>,
 <Rule '/admin/user/ajax/update/' (POST, OPTIONS) -> user.ajax_update>,
 <Rule '/admin/user/new/' (GET, HEAD, POST, OPTIONS) -> user.create_view>,
 <Rule '/admin/user/delete/' (POST, OPTIONS) -> user.delete_view>,
 <Rule '/admin/user/details/' (GET, HEAD, OPTIONS) -> user.details_view>,
 <Rule '/admin/user/edit/' (GET, HEAD, POST, OPTIONS) -> user.edit_view>,
 <Rule '/admin/user/export/<export_type>/' (GET, HEAD, OPTIONS) -> user.export>,
 <Rule '/admin/user/' (GET, HEAD, OPTIONS) -> user.index_view>,
 <Rule '/' (GET, HEAD, OPTIONS) -> home>,
 <Rule '/login' (GET, HEAD, POST, OPTIONS) -> login>,
 <Rule '/logout' (GET, HEAD, OPTIONS) -> logout>,
 <Rule '/register' (GET, HEAD, POST, OPTIONS) -> register>,
 <Rule '/password' (GET, HEAD, POST, OPTIONS) -> forgot_password>,
 <Rule '/users' (GET, HEAD, OPTIONS) -> users>])
2024-12-16 09:12:19,914 - DEBUG - Home route accessed. Greeting: Please log in.
2024-12-16 09:12:20,908 - DEBUG - Fetching user data...
2024-12-16 09:12:20,978 - DEBUG - Fetched 4 users.
2024-12-16 09:12:27,296 - DEBUG - Registered routes: Map([<Rule '/static/<filename>' (OPTIONS, HEAD, GET) -> static>,
 <Rule '/admin/static/<filename>' (OPTIONS, HEAD, GET) -> admin.static>,
 <Rule '/admin/' (OPTIONS, HEAD, GET) -> admin.index>,
 <Rule '/admin/user/action/' (OPTIONS, POST) -> user.action_view>,
 <Rule '/admin/user/ajax/lookup/' (OPTIONS, HEAD, GET) -> user.ajax_lookup>,
 <Rule '/admin/user/ajax/update/' (OPTIONS, POST) -> user.ajax_update>,
 <Rule '/admin/user/new/' (OPTIONS, HEAD, POST, GET) -> user.create_view>,
 <Rule '/admin/user/delete/' (OPTIONS, POST) -> user.delete_view>,
 <Rule '/admin/user/details/' (OPTIONS, HEAD, GET) -> user.details_view>,
 <Rule '/admin/user/edit/' (OPTIONS, HEAD, POST, GET) -> user.edit_view>,
 <Rule '/admin/user/export/<export_type>/' (OPTIONS, HEAD, GET) -> user.export>,
 <Rule '/admin/user/' (OPTIONS, HEAD, GET) -> user.index_view>,
 <Rule '/' (OPTIONS, HEAD, GET) -> home>,
 <Rule '/login' (OPTIONS, HEAD, POST, GET) -> login>,
 <Rule '/logout' (OPTIONS, HEAD, GET) -> logout>,
 <Rule '/register' (OPTIONS, HEAD, POST, GET) -> register>,
 <Rule '/password' (OPTIONS, HEAD, POST, GET) -> forgot_password>,
 <Rule '/users' (OPTIONS, HEAD, GET) -> users>])
2024-12-16 09:12:29,078 - DEBUG - Fetching user data...
2024-12-16 09:12:29,083 - DEBUG - Fetched 4 users.
2024-12-16 09:12:43,350 - DEBUG - Registered routes: Map([<Rule '/static/<filename>' (OPTIONS, HEAD, GET) -> static>,
 <Rule '/admin/static/<filename>' (OPTIONS, HEAD, GET) -> admin.static>,
 <Rule '/admin/' (OPTIONS, HEAD, GET) -> admin.index>,
 <Rule '/admin/user/action/' (OPTIONS, POST) -> user.action_view>,
 <Rule '/admin/user/ajax/lookup/' (OPTIONS, HEAD, GET) -> user.ajax_lookup>,
 <Rule '/admin/user/ajax/update/' (OPTIONS, POST) -> user.ajax_update>,
 <Rule '/admin/user/new/' (OPTIONS, HEAD, GET, POST) -> user.create_view>,
 <Rule '/admin/user/delete/' (OPTIONS, POST) -> user.delete_view>,
 <Rule '/admin/user/details/' (OPTIONS, HEAD, GET) -> user.details_view>,
 <Rule '/admin/user/edit/' (OPTIONS, HEAD, GET, POST) -> user.edit_view>,
 <Rule '/admin/user/export/<export_type>/' (OPTIONS, HEAD, GET) -> user.export>,
 <Rule '/admin/user/' (OPTIONS, HEAD, GET) -> user.index_view>,
 <Rule '/' (OPTIONS, HEAD, GET) -> home>,
 <Rule '/login' (OPTIONS, HEAD, GET, POST) -> login>,
 <Rule '/logout' (OPTIONS, HEAD, GET) -> logout>,
 <Rule '/register' (OPTIONS, HEAD, GET, POST) -> register>,
 <Rule '/password' (OPTIONS, HEAD, GET, POST) -> forgot_password>,
 <Rule '/users' (OPTIONS, HEAD, GET) -> users>])
2024-12-16 09:13:19,424 - DEBUG - Registered routes: Map([<Rule '/static/<filename>' (GET, HEAD, OPTIONS) -> static>,
 <Rule '/admin/static/<filename>' (GET, HEAD, OPTIONS) -> admin.static>,
 <Rule '/admin/' (GET, HEAD, OPTIONS) -> admin.index>,
 <Rule '/admin/user/action/' (POST, OPTIONS) -> user.action_view>,
 <Rule '/admin/user/ajax/lookup/' (GET, HEAD, OPTIONS) -> user.ajax_lookup>,
 <Rule '/admin/user/ajax/update/' (POST, OPTIONS) -> user.ajax_update>,
 <Rule '/admin/user/new/' (POST, GET, HEAD, OPTIONS) -> user.create_view>,
 <Rule '/admin/user/delete/' (POST, OPTIONS) -> user.delete_view>,
 <Rule '/admin/user/details/' (GET, HEAD, OPTIONS) -> user.details_view>,
 <Rule '/admin/user/edit/' (POST, GET, HEAD, OPTIONS) -> user.edit_view>,
 <Rule '/admin/user/export/<export_type>/' (GET, HEAD, OPTIONS) -> user.export>,
 <Rule '/admin/user/' (GET, HEAD, OPTIONS) -> user.index_view>,
 <Rule '/' (GET, HEAD, OPTIONS) -> home>,
 <Rule '/login' (POST, GET, HEAD, OPTIONS) -> login>,
 <Rule '/logout' (GET, HEAD, OPTIONS) -> logout>,
 <Rule '/register' (POST, GET, HEAD, OPTIONS) -> register>,
 <Rule '/password' (POST, GET, HEAD, OPTIONS) -> forgot_password>,
 <Rule '/users' (GET, HEAD, OPTIONS) -> users>])
2024-12-16 09:13:23,893 - DEBUG - Fetching user data...
2024-12-16 09:13:23,899 - DEBUG - Fetched 4 users.
2024-12-16 09:14:39,061 - DEBUG - Registered routes: Map([<Rule '/static/<filename>' (OPTIONS, HEAD, GET) -> static>,
 <Rule '/admin/static/<filename>' (OPTIONS, HEAD, GET) -> admin.static>,
 <Rule '/admin/' (OPTIONS, HEAD, GET) -> admin.index>,
 <Rule '/admin/user/action/' (OPTIONS, POST) -> user.action_view>,
 <Rule '/admin/user/ajax/lookup/' (OPTIONS, HEAD, GET) -> user.ajax_lookup>,
 <Rule '/admin/user/ajax/update/' (OPTIONS, POST) -> user.ajax_update>,
 <Rule '/admin/user/new/' (OPTIONS, HEAD, GET, POST) -> user.create_view>,
 <Rule '/admin/user/delete/' (OPTIONS, POST) -> user.delete_view>,
 <Rule '/admin/user/details/' (OPTIONS, HEAD, GET) -> user.details_view>,
 <Rule '/admin/user/edit/' (OPTIONS, HEAD, GET, POST) -> user.edit_view>,
 <Rule '/admin/user/export/<export_type>/' (OPTIONS, HEAD, GET) -> user.export>,
 <Rule '/admin/user/' (OPTIONS, HEAD, GET) -> user.index_view>,
 <Rule '/' (OPTIONS, HEAD, GET) -> home>,
 <Rule '/login' (OPTIONS, HEAD, GET, POST) -> login>,
 <Rule '/logout' (OPTIONS, HEAD, GET) -> logout>,
 <Rule '/register' (OPTIONS, HEAD, GET, POST) -> register>,
 <Rule '/password' (OPTIONS, HEAD, GET, POST) -> forgot_password>,
 <Rule '/users' (OPTIONS, HEAD, GET) -> users>])
2024-12-16 09:14:40,118 - DEBUG - Home route accessed. Greeting: Please log in.
2024-12-16 09:15:06,040 - DEBUG - Registered routes: Map([<Rule '/static/<filename>' (OPTIONS, HEAD, GET) -> static>,
 <Rule '/admin/static/<filename>' (OPTIONS, HEAD, GET) -> admin.static>,
 <Rule '/admin/' (OPTIONS, HEAD, GET) -> admin.index>,
 <Rule '/admin/user/action/' (OPTIONS, POST) -> user.action_view>,
 <Rule '/admin/user/ajax/lookup/' (OPTIONS, HEAD, GET) -> user.ajax_lookup>,
 <Rule '/admin/user/ajax/update/' (OPTIONS, POST) -> user.ajax_update>,
 <Rule '/admin/user/new/' (OPTIONS, HEAD, GET, POST) -> user.create_view>,
 <Rule '/admin/user/delete/' (OPTIONS, POST) -> user.delete_view>,
 <Rule '/admin/user/details/' (OPTIONS, HEAD, GET) -> user.details_view>,
 <Rule '/admin/user/edit/' (OPTIONS, HEAD, GET, POST) -> user.edit_view>,
 <Rule '/admin/user/export/<export_type>/' (OPTIONS, HEAD, GET) -> user.export>,
 <Rule '/admin/user/' (OPTIONS, HEAD, GET) -> user.index_view>,
 <Rule '/' (OPTIONS, HEAD, GET) -> home>,
 <Rule '/login' (OPTIONS, HEAD, GET, POST) -> login>,
 <Rule '/logout' (OPTIONS, HEAD, GET) -> logout>,
 <Rule '/register' (OPTIONS, HEAD, GET, POST) -> register>,
 <Rule '/password' (OPTIONS, HEAD, GET, POST) -> forgot_password>,
 <Rule '/users' (OPTIONS, HEAD, GET) -> users>])
2024-12-16 09:15:13,658 - DEBUG - Home route accessed. Greeting: Please log in.
2024-12-16 09:15:27,133 - DEBUG - Registered routes: Map([<Rule '/static/<filename>' (HEAD, OPTIONS, GET) -> static>,
 <Rule '/admin/static/<filename>' (HEAD, OPTIONS, GET) -> admin.static>,
 <Rule '/admin/' (HEAD, OPTIONS, GET) -> admin.index>,
 <Rule '/admin/user/action/' (POST, OPTIONS) -> user.action_view>,
 <Rule '/admin/user/ajax/lookup/' (HEAD, OPTIONS, GET) -> user.ajax_lookup>,
 <Rule '/admin/user/ajax/update/' (POST, OPTIONS) -> user.ajax_update>,
 <Rule '/admin/user/new/' (HEAD, POST, OPTIONS, GET) -> user.create_view>,
 <Rule '/admin/user/delete/' (POST, OPTIONS) -> user.delete_view>,
 <Rule '/admin/user/details/' (HEAD, OPTIONS, GET) -> user.details_view>,
 <Rule '/admin/user/edit/' (HEAD, POST, OPTIONS, GET) -> user.edit_view>,
 <Rule '/admin/user/export/<export_type>/' (HEAD, OPTIONS, GET) -> user.export>,
 <Rule '/admin/user/' (HEAD, OPTIONS, GET) -> user.index_view>,
 <Rule '/' (HEAD, OPTIONS, GET) -> home>,
 <Rule '/login' (HEAD, POST, OPTIONS, GET) -> login>,
 <Rule '/logout' (HEAD, OPTIONS, GET) -> logout>,
 <Rule '/register' (HEAD, POST, OPTIONS, GET) -> register>,
 <Rule '/password' (HEAD, POST, OPTIONS, GET) -> forgot_password>,
 <Rule '/users' (HEAD, OPTIONS, GET) -> users>])
2024-12-16 09:16:16,958 - DEBUG - Registered routes: Map([<Rule '/static/<filename>' (HEAD, OPTIONS, GET) -> static>,
 <Rule '/admin/static/<filename>' (HEAD, OPTIONS, GET) -> admin.static>,
 <Rule '/admin/' (HEAD, OPTIONS, GET) -> admin.index>,
 <Rule '/admin/user/action/' (POST, OPTIONS) -> user.action_view>,
 <Rule '/admin/user/ajax/lookup/' (HEAD, OPTIONS, GET) -> user.ajax_lookup>,
 <Rule '/admin/user/ajax/update/' (POST, OPTIONS) -> user.ajax_update>,
 <Rule '/admin/user/new/' (HEAD, POST, GET, OPTIONS) -> user.create_view>,
 <Rule '/admin/user/delete/' (POST, OPTIONS) -> user.delete_view>,
 <Rule '/admin/user/details/' (HEAD, OPTIONS, GET) -> user.details_view>,
 <Rule '/admin/user/edit/' (HEAD, POST, GET, OPTIONS) -> user.edit_view>,
 <Rule '/admin/user/export/<export_type>/' (HEAD, OPTIONS, GET) -> user.export>,
 <Rule '/admin/user/' (HEAD, OPTIONS, GET) -> user.index_view>,
 <Rule '/' (HEAD, OPTIONS, GET) -> home>,
 <Rule '/login' (HEAD, POST, GET, OPTIONS) -> login>,
 <Rule '/logout' (HEAD, OPTIONS, GET) -> logout>,
 <Rule '/register' (HEAD, POST, GET, OPTIONS) -> register>,
 <Rule '/password' (HEAD, POST, GET, OPTIONS) -> forgot_password>,
 <Rule '/users' (HEAD, OPTIONS, GET) -> users>])
2024-12-16 09:16:22,257 - DEBUG - Home route accessed. Greeting: Please log in.
2024-12-16 09:16:27,649 - DEBUG - Fetching user data...
2024-12-16 09:16:27,703 - DEBUG - Fetched 4 users.
2024-12-16 10:52:31,877 - DEBUG - Registered routes: Map([<Rule '/static/<filename>' (OPTIONS, GET, HEAD) -> static>,
 <Rule '/admin/static/<filename>' (OPTIONS, GET, HEAD) -> admin.static>,
 <Rule '/admin/' (OPTIONS, GET, HEAD) -> admin.index>,
 <Rule '/admin/user/action/' (POST, OPTIONS) -> user.action_view>,
 <Rule '/admin/user/ajax/lookup/' (OPTIONS, GET, HEAD) -> user.ajax_lookup>,
 <Rule '/admin/user/ajax/update/' (POST, OPTIONS) -> user.ajax_update>,
 <Rule '/admin/user/new/' (POST, OPTIONS, GET, HEAD) -> user.create_view>,
 <Rule '/admin/user/delete/' (POST, OPTIONS) -> user.delete_view>,
 <Rule '/admin/user/details/' (OPTIONS, GET, HEAD) -> user.details_view>,
 <Rule '/admin/user/edit/' (POST, OPTIONS, GET, HEAD) -> user.edit_view>,
 <Rule '/admin/user/export/<export_type>/' (OPTIONS, GET, HEAD) -> user.export>,
 <Rule '/admin/user/' (OPTIONS, GET, HEAD) -> user.index_view>,
 <Rule '/' (OPTIONS, GET, HEAD) -> home>,
 <Rule '/login' (POST, OPTIONS, GET, HEAD) -> login>,
 <Rule '/logout' (OPTIONS, GET, HEAD) -> logout>,
 <Rule '/register' (POST, OPTIONS, GET, HEAD) -> register>,
 <Rule '/password' (POST, OPTIONS, GET, HEAD) -> forgot_password>,
 <Rule '/users' (OPTIONS, GET, HEAD) -> users>])
2024-12-17 08:58:25,842 - DEBUG - Registered routes: Map([<Rule '/static/<filename>' (OPTIONS, HEAD, GET) -> static>,
 <Rule '/admin/static/<filename>' (OPTIONS, HEAD, GET) -> admin.static>,
 <Rule '/admin/' (OPTIONS, HEAD, GET) -> admin.index>,
 <Rule '/admin/user/action/' (OPTIONS, POST) -> user.action_view>,
 <Rule '/admin/user/ajax/lookup/' (OPTIONS, HEAD, GET) -> user.ajax_lookup>,
 <Rule '/admin/user/ajax/update/' (OPTIONS, POST) -> user.ajax_update>,
 <Rule '/admin/user/new/' (OPTIONS, HEAD, POST, GET) -> user.create_view>,
 <Rule '/admin/user/delete/' (OPTIONS, POST) -> user.delete_view>,
 <Rule '/admin/user/details/' (OPTIONS, HEAD, GET) -> user.details_view>,
 <Rule '/admin/user/edit/' (OPTIONS, HEAD, POST, GET) -> user.edit_view>,
 <Rule '/admin/user/export/<export_type>/' (OPTIONS, HEAD, GET) -> user.export>,
 <Rule '/admin/user/' (OPTIONS, HEAD, GET) -> user.index_view>,
 <Rule '/' (OPTIONS, HEAD, GET) -> home>,
 <Rule '/login' (OPTIONS, HEAD, POST, GET) -> login>,
 <Rule '/logout' (OPTIONS, HEAD, GET) -> logout>,
 <Rule '/register' (OPTIONS, HEAD, POST, GET) -> register>,
 <Rule '/password' (OPTIONS, HEAD, POST, GET) -> forgot_password>,
 <Rule '/users' (OPTIONS, HEAD, GET) -> users>])
2024-12-17 08:58:30,628 - DEBUG - Home route accessed. Greeting: Please log in.
2024-12-17 08:58:37,323 - DEBUG - Entered login route
2024-12-17 10:09:22,810 - DEBUG - Registered routes: Map([<Rule '/static/<filename>' (GET, HEAD, OPTIONS) -> static>,
 <Rule '/admin/static/<filename>' (GET, HEAD, OPTIONS) -> admin.static>,
 <Rule '/admin/' (GET, HEAD, OPTIONS) -> admin.index>,
 <Rule '/admin/songcountry/action/' (POST, OPTIONS) -> songcountry.action_view>,
 <Rule '/admin/songcountry/ajax/lookup/' (GET, HEAD, OPTIONS) -> songcountry.ajax_lookup>,
 <Rule '/admin/songcountry/ajax/update/' (POST, OPTIONS) -> songcountry.ajax_update>,
 <Rule '/admin/songcountry/new/' (GET, POST, OPTIONS, HEAD) -> songcountry.create_view>,
 <Rule '/admin/songcountry/delete/' (POST, OPTIONS) -> songcountry.delete_view>,
 <Rule '/admin/songcountry/details/' (GET, HEAD, OPTIONS) -> songcountry.details_view>,
 <Rule '/admin/songcountry/edit/' (GET, POST, OPTIONS, HEAD) -> songcountry.edit_view>,
 <Rule '/admin/songcountry/export/<export_type>/' (GET, HEAD, OPTIONS) -> songcountry.export>,
 <Rule '/admin/songcountry/' (GET, HEAD, OPTIONS) -> songcountry.index_view>,
 <Rule '/' (GET, HEAD, OPTIONS) -> home>,
 <Rule '/countries' (GET, HEAD, OPTIONS) -> countries>,
 <Rule '/login' (GET, POST, OPTIONS, HEAD) -> login>])
