2024-12-06 11:59:53,923 - app - DEBUG - Registered routes:
2024-12-06 11:59:53,923 - app - DEBUG - Map([<Rule '/static/<filename>' (GET, OPTIONS, HEAD) -> static>,
 <Rule '/admin/static/<filename>' (GET, OPTIONS, HEAD) -> admin.static>,
 <Rule '/admin/' (GET, OPTIONS, HEAD) -> admin.index>,
 <Rule '/admin/user/action/' (POST, OPTIONS) -> user.action_view>,
 <Rule '/admin/user/ajax/lookup/' (GET, OPTIONS, HEAD) -> user.ajax_lookup>,
 <Rule '/admin/user/ajax/update/' (POST, OPTIONS) -> user.ajax_update>,
 <Rule '/admin/user/new/' (GET, POST, OPTIONS, HEAD) -> user.create_view>,
 <Rule '/admin/user/delete/' (POST, OPTIONS) -> user.delete_view>,
 <Rule '/admin/user/details/' (GET, OPTIONS, HEAD) -> user.details_view>,
 <Rule '/admin/user/edit/' (GET, POST, OPTIONS, HEAD) -> user.edit_view>,
 <Rule '/admin/user/export/<export_type>/' (GET, OPTIONS, HEAD) -> user.export>,
 <Rule '/admin/user/' (GET, OPTIONS, HEAD) -> user.index_view>,
 <Rule '/' (GET, OPTIONS, HEAD) -> home>,
 <Rule '/login' (GET, POST, OPTIONS, HEAD) -> login>,
 <Rule '/register' (GET, POST, OPTIONS, HEAD) -> register>,
 <Rule '/password' (GET, POST, OPTIONS, HEAD) -> forgot_password>])
2024-12-06 12:00:13,767 - app - DEBUG - Registered routes:
2024-12-06 12:00:13,768 - app - DEBUG - Map([<Rule '/static/<filename>' (GET, OPTIONS, HEAD) -> static>,
 <Rule '/admin/static/<filename>' (GET, OPTIONS, HEAD) -> admin.static>,
 <Rule '/admin/' (GET, OPTIONS, HEAD) -> admin.index>,
 <Rule '/admin/user/action/' (POST, OPTIONS) -> user.action_view>,
 <Rule '/admin/user/ajax/lookup/' (GET, OPTIONS, HEAD) -> user.ajax_lookup>,
 <Rule '/admin/user/ajax/update/' (POST, OPTIONS) -> user.ajax_update>,
 <Rule '/admin/user/new/' (GET, POST, OPTIONS, HEAD) -> user.create_view>,
 <Rule '/admin/user/delete/' (POST, OPTIONS) -> user.delete_view>,
 <Rule '/admin/user/details/' (GET, OPTIONS, HEAD) -> user.details_view>,
 <Rule '/admin/user/edit/' (GET, POST, OPTIONS, HEAD) -> user.edit_view>,
 <Rule '/admin/user/export/<export_type>/' (GET, OPTIONS, HEAD) -> user.export>,
 <Rule '/admin/user/' (GET, OPTIONS, HEAD) -> user.index_view>,
 <Rule '/' (GET, OPTIONS, HEAD) -> home>,
 <Rule '/login' (GET, POST, OPTIONS, HEAD) -> login>,
 <Rule '/register' (GET, POST, OPTIONS, HEAD) -> register>,
 <Rule '/password' (GET, POST, OPTIONS, HEAD) -> forgot_password>])
2024-12-06 12:01:11,253 - app - DEBUG - Registered routes:
2024-12-06 12:01:11,253 - app - DEBUG - Map([<Rule '/static/<filename>' (GET, OPTIONS, HEAD) -> static>,
 <Rule '/admin/static/<filename>' (GET, OPTIONS, HEAD) -> admin.static>,
 <Rule '/admin/' (GET, OPTIONS, HEAD) -> admin.index>,
 <Rule '/admin/user/action/' (OPTIONS, POST) -> user.action_view>,
 <Rule '/admin/user/ajax/lookup/' (GET, OPTIONS, HEAD) -> user.ajax_lookup>,
 <Rule '/admin/user/ajax/update/' (OPTIONS, POST) -> user.ajax_update>,
 <Rule '/admin/user/new/' (GET, OPTIONS, POST, HEAD) -> user.create_view>,
 <Rule '/admin/user/delete/' (OPTIONS, POST) -> user.delete_view>,
 <Rule '/admin/user/details/' (GET, OPTIONS, HEAD) -> user.details_view>,
 <Rule '/admin/user/edit/' (GET, OPTIONS, POST, HEAD) -> user.edit_view>,
 <Rule '/admin/user/export/<export_type>/' (GET, OPTIONS, HEAD) -> user.export>,
 <Rule '/admin/user/' (GET, OPTIONS, HEAD) -> user.index_view>,
 <Rule '/' (GET, OPTIONS, HEAD) -> home>,
 <Rule '/login' (GET, OPTIONS, POST, HEAD) -> login>,
 <Rule '/register' (GET, OPTIONS, POST, HEAD) -> register>,
 <Rule '/password' (GET, OPTIONS, POST, HEAD) -> forgot_password>])
2024-12-06 12:02:17,592 - app - DEBUG - Registered routes:
2024-12-06 12:02:17,592 - app - DEBUG - Map([<Rule '/static/<filename>' (HEAD, OPTIONS, GET) -> static>,
 <Rule '/admin/static/<filename>' (HEAD, OPTIONS, GET) -> admin.static>,
 <Rule '/admin/' (HEAD, OPTIONS, GET) -> admin.index>,
 <Rule '/admin/user/action/' (OPTIONS, POST) -> user.action_view>,
 <Rule '/admin/user/ajax/lookup/' (HEAD, OPTIONS, GET) -> user.ajax_lookup>,
 <Rule '/admin/user/ajax/update/' (OPTIONS, POST) -> user.ajax_update>,
 <Rule '/admin/user/new/' (HEAD, OPTIONS, GET, POST) -> user.create_view>,
 <Rule '/admin/user/delete/' (OPTIONS, POST) -> user.delete_view>,
 <Rule '/admin/user/details/' (HEAD, OPTIONS, GET) -> user.details_view>,
 <Rule '/admin/user/edit/' (HEAD, OPTIONS, GET, POST) -> user.edit_view>,
 <Rule '/admin/user/export/<export_type>/' (HEAD, OPTIONS, GET) -> user.export>,
 <Rule '/admin/user/' (HEAD, OPTIONS, GET) -> user.index_view>,
 <Rule '/' (HEAD, OPTIONS, GET) -> home>,
 <Rule '/login' (HEAD, OPTIONS, GET, POST) -> login>,
 <Rule '/register' (HEAD, OPTIONS, GET, POST) -> register>,
 <Rule '/password' (HEAD, OPTIONS, GET, POST) -> forgot_password>])
2024-12-06 12:06:06,079 - app - DEBUG - Registered routes:
2024-12-06 12:06:06,079 - app - DEBUG - Map([<Rule '/static/<filename>' (GET, HEAD, OPTIONS) -> static>,
 <Rule '/admin/static/<filename>' (GET, HEAD, OPTIONS) -> admin.static>,
 <Rule '/admin/' (GET, HEAD, OPTIONS) -> admin.index>,
 <Rule '/admin/user/action/' (OPTIONS, POST) -> user.action_view>,
 <Rule '/admin/user/ajax/lookup/' (GET, HEAD, OPTIONS) -> user.ajax_lookup>,
 <Rule '/admin/user/ajax/update/' (OPTIONS, POST) -> user.ajax_update>,
 <Rule '/admin/user/new/' (GET, HEAD, POST, OPTIONS) -> user.create_view>,
 <Rule '/admin/user/delete/' (OPTIONS, POST) -> user.delete_view>,
 <Rule '/admin/user/details/' (GET, HEAD, OPTIONS) -> user.details_view>,
 <Rule '/admin/user/edit/' (GET, HEAD, POST, OPTIONS) -> user.edit_view>,
 <Rule '/admin/user/export/<export_type>/' (GET, HEAD, OPTIONS) -> user.export>,
 <Rule '/admin/user/' (GET, HEAD, OPTIONS) -> user.index_view>,
 <Rule '/' (GET, HEAD, OPTIONS) -> home>,
 <Rule '/login' (GET, HEAD, POST, OPTIONS) -> login>,
 <Rule '/register' (GET, HEAD, POST, OPTIONS) -> register>,
 <Rule '/password' (GET, HEAD, POST, OPTIONS) -> forgot_password>])
2024-12-06 12:07:32,890 - app - DEBUG - Registered routes:
2024-12-06 12:07:32,890 - app - DEBUG - Map([<Rule '/static/<filename>' (OPTIONS, GET, HEAD) -> static>,
 <Rule '/admin/static/<filename>' (OPTIONS, GET, HEAD) -> admin.static>,
 <Rule '/admin/' (OPTIONS, GET, HEAD) -> admin.index>,
 <Rule '/admin/user/action/' (OPTIONS, POST) -> user.action_view>,
 <Rule '/admin/user/ajax/lookup/' (OPTIONS, GET, HEAD) -> user.ajax_lookup>,
 <Rule '/admin/user/ajax/update/' (OPTIONS, POST) -> user.ajax_update>,
 <Rule '/admin/user/new/' (OPTIONS, HEAD, GET, POST) -> user.create_view>,
 <Rule '/admin/user/delete/' (OPTIONS, POST) -> user.delete_view>,
 <Rule '/admin/user/details/' (OPTIONS, GET, HEAD) -> user.details_view>,
 <Rule '/admin/user/edit/' (OPTIONS, HEAD, GET, POST) -> user.edit_view>,
 <Rule '/admin/user/export/<export_type>/' (OPTIONS, GET, HEAD) -> user.export>,
 <Rule '/admin/user/' (OPTIONS, GET, HEAD) -> user.index_view>,
 <Rule '/' (OPTIONS, GET, HEAD) -> home>,
 <Rule '/login' (OPTIONS, HEAD, GET, POST) -> login>,
 <Rule '/register' (OPTIONS, HEAD, GET, POST) -> register>,
 <Rule '/password' (OPTIONS, HEAD, GET, POST) -> forgot_password>])
